0 info it worked if it ends with ok
1 verbose cli [ 'C:\\Program Files\\nodejs\\node.exe',
1 verbose cli   'C:\\Program Files\\nodejs\\node_modules\\npm\\bin\\npm-cli.js',
1 verbose cli   'start' ]
2 info using npm@3.3.12
3 info using node@v5.5.0
4 verbose run-script [ 'prestart', 'start', 'poststart' ]
5 info lifecycle comp2068-lab4@0.0.0~prestart: comp2068-lab4@0.0.0
6 silly lifecycle comp2068-lab4@0.0.0~prestart: no script for prestart, continuing
7 info lifecycle comp2068-lab4@0.0.0~start: comp2068-lab4@0.0.0
8 verbose lifecycle comp2068-lab4@0.0.0~start: unsafe-perm in lifecycle true
9 verbose lifecycle comp2068-lab4@0.0.0~start: PATH: C:\Program Files\nodejs\node_modules\npm\bin\node-gyp-bin;c:\Users\priyanka\Downloads\COMP2068-Lab4-master\COMP2068-Lab4\node_modules\.bin;C:\ProgramData\Oracle\Java\javapath;C:\WINDOWS\system32;C:\WINDOWS;C:\Program Files\Java\jdk1.7.0_71 :\bin;C:\Program Files\TortoiseSVN\bin;C:\WINDOWS\system32;C:\WINDOWS;C:\WINDOWS\System32\Wbem;C:\WINDOWS\System32\WindowsPowerShell\v1.0\;C:\Program Files (x86)\Skype\Phone\;C:\Users\priyanka\AppData\Local\GitHub\PortableGit_c7e0cbde92ba565cb218a521411d0e854079a28c\cmd;C:\Program Files\nodejs;C:\Users\priyanka\.dnx\bin;C:\Program Files\Microsoft DNX\Dnvm\;C:\Users\priyanka\AppData\Local\GitHub\PortableGit_c7e0cbde92ba565cb218a521411d0e854079a28c\cmd;C:\Program Files\nodejs;C:\Program Files\Apache Software Foundation\apache-maven-3.2.5\bin;C:\Program Files (x86)\Microsoft VS Code\bin;C:\Users\priyanka\AppData\Roaming\npm
10 verbose lifecycle comp2068-lab4@0.0.0~start: CWD: c:\Users\priyanka\Downloads\COMP2068-Lab4-master\COMP2068-Lab4
11 silly lifecycle comp2068-lab4@0.0.0~start: Args: [ '/d /s /c', 'node server.js' ]
12 silly lifecycle comp2068-lab4@0.0.0~start: Returned: code: 1  signal: null
13 info lifecycle comp2068-lab4@0.0.0~start: Failed to exec start script
14 verbose stack Error: comp2068-lab4@0.0.0 start: `node server.js`
14 verbose stack Exit status 1
14 verbose stack     at EventEmitter.<anonymous> (C:\Program Files\nodejs\node_modules\npm\lib\utils\lifecycle.js:232:16)
14 verbose stack     at emitTwo (events.js:100:13)
14 verbose stack     at EventEmitter.emit (events.js:185:7)
14 verbose stack     at ChildProcess.<anonymous> (C:\Program Files\nodejs\node_modules\npm\lib\utils\spawn.js:24:14)
14 verbose stack     at emitTwo (events.js:100:13)
14 verbose stack     at ChildProcess.emit (events.js:185:7)
14 verbose stack     at maybeClose (internal/child_process.js:821:16)
14 verbose stack     at Process.ChildProcess._handle.onexit (internal/child_process.js:211:5)
15 verbose pkgid comp2068-lab4@0.0.0
16 verbose cwd c:\Users\priyanka\Downloads\COMP2068-Lab4-master\COMP2068-Lab4\server\views
17 error Windows_NT 10.0.10586
18 error argv "C:\\Program Files\\nodejs\\node.exe" "C:\\Program Files\\nodejs\\node_modules\\npm\\bin\\npm-cli.js" "start"
19 error node v5.5.0
20 error npm  v3.3.12
21 error code ELIFECYCLE
22 error comp2068-lab4@0.0.0 start: `node server.js`
22 error Exit status 1
23 error Failed at the comp2068-lab4@0.0.0 start script 'node server.js'.
23 error Make sure you have the latest version of node.js and npm installed.
23 error If you do, this is most likely a problem with the comp2068-lab4 package,
23 error not with npm itself.
23 error Tell the author that this fails on your system:
23 error     node server.js
23 error You can get their info via:
23 error     npm owner ls comp2068-lab4
23 error There is likely additional logging output above.
24 verbose exit [ 1, true ]
